Godot Engine v4.5.stable.official.876b29033 - https://godotengine.org
TextServer: Added interface "Dummy"
TextServer: Added interface "ICU / HarfBuzz / Graphite (Built-in)"
Unrecognized output string "misc2" in mapping:
030000000d0f0000ab01000011010000,Horipad Steam,a:b0,b:b1,back:b10,dpdown:h0.4,dpleft:h0.8,dpright:h0.2,dpup:h0.1,guide:b12,leftshoulder:b6,leftstick:b13,lefttrigger:a5,leftx:a0,lefty:a1,misc2:b2,paddle1:b19,paddle2:b18,paddle3:b15,paddle4:b5,rightshoulder:b7,rightstick:b14,righttrigger:a4,rightx:a2,righty:a3,start:b11,x:b3,y:b4,platform:Linux,
Unrecognized output string "misc2" in mapping:
050000000d0f00009601000091000000,Horipad Steam,a:b0,b:b1,back:b10,dpdown:h0.4,dpleft:h0.8,dpright:h0.2,dpup:h0.1,guide:b12,leftshoulder:b6,leftstick:b13,lefttrigger:a5,leftx:a0,lefty:a1,misc2:b2,paddle1:b19,paddle2:b18,paddle3:b15,paddle4:b5,rightshoulder:b7,rightstick:b14,righttrigger:a4,rightx:a2,righty:a3,start:b11,x:b3,y:b4,platform:Linux,
Unrecognized output string "misc2" in mapping:
030000007e0500006920000011010000,Nintendo Switch 2 Pro Controller,a:b0,b:b1,back:b14,dpdown:b8,dpleft:b10,dpright:b9,dpup:b11,guide:b16,leftshoulder:b12,leftstick:b15,lefttrigger:b13,leftx:a0,lefty:a1~,misc1:b17,misc2:b20,paddle1:b18,paddle2:b19,rightshoulder:b4,rightstick:b7,righttrigger:b5,rightx:a2,righty:a3~,start:b6,x:b2,y:b3,platform:Linux,
SDL: Init OK!
Xshape 1.1 detected.
Xinerama 1.1 detected.
Xrandr 1.6 detected.
Xrender 0.11 detected.
Xinput 2.2 detected.
XInput: Refreshing devices.
XInput: No touch devices found.
WARNING: Your video card drivers seem not to support the required Vulkan version, switching to OpenGL 3.
   at: DisplayServerX11 (platform/linuxbsd/x11/display_server_x11.cpp:7060)
Detecting GPUs, set DRI_PRIME in the environment to override GPU detection logic.
Only one GPU found, using default.
WARNING: Could not set V-Sync mode, as changing V-Sync mode is not supported by the graphics driver.
   at: set_use_vsync (platform/linuxbsd/x11/gl_manager_x11.cpp:364)
XcursorGetTheme could not get cursor theme
Failed loading custom cursor: left_ptr
Failed loading custom cursor: xterm
Failed loading custom cursor: hand2
Failed loading custom cursor: cross
Failed loading custom cursor: watch
Failed loading custom cursor: left_ptr_watch
Failed loading custom cursor: fleur
Failed loading custom cursor: dnd-move
Failed loading custom cursor: crossed_circle
Failed loading custom cursor: v_double_arrow
Failed loading custom cursor: h_double_arrow
Failed loading custom cursor: size_bdiag
Failed loading custom cursor: size_fdiag
Failed loading custom cursor: move
Failed loading custom cursor: row_resize
Failed loading custom cursor: col_resize
Failed loading custom cursor: question_arrow
DBus 1.12.20 detected.
Using "default" pen tablet driver...
Shader 'CanvasSdfShaderGLES3' SHA256: c6e8ae23b99a30daab8d631f4ea9e93879b95beb1a146a2db90a2ab70f275ed2
Shader 'SkeletonShaderGLES3' SHA256: 0ff9407f7c995fc1cabd6b976b43a4870a2a751fa5f67a7a09116a4f3f46e8cc
Shader 'ParticlesShaderGLES3' SHA256: af90100221a80bc4b0ad142b92edd34c202014d12835e7231f24ed0d9b2f0e48
Shader 'ParticlesCopyShaderGLES3' SHA256: de35704e42aa423316c57c9f13513ae39c47ae7b67a4b64ba31e651343bfd923
Shader 'CopyShaderGLES3' SHA256: 8917c21be04ca71586f4ba5509ad0c67c87cdc41e4e46b048fdfe964635ca8e3
Shader 'CubemapFilterShaderGLES3' SHA256: 96423a87ab10d9cce269bc40f8c93024b9207bf6cadbf0e7b43bbf1f1b1dee11
Shader 'GlowShaderGLES3' SHA256: f77e612a9d6e2d6d29e73bd7a852d7a09273ae51c9ec79a5f5e5b3a0ebc997d2
Shader 'PostShaderGLES3' SHA256: b8eaea3c38eeccb06d6c5a888fd34cff0ec218ac22bf039721325b22fe9a9858
Shader 'FeedShaderGLES3' SHA256: 80968afb53c5b2b1bbecc2b866eec50486f13e583593e3b5a591284aff9ae0b4
Shader 'CanvasShaderGLES3' SHA256: 5ab96bce1e3ec7d2e39007e69b39ed0d5b7dbc399eb4e366efc244639c46ac95
Shader 'CanvasOcclusionShaderGLES3' SHA256: eabc2dfb076757fe5f9812e7b0317648f714d8763243a3f203592c99539bd95c
Shader 'SceneShaderGLES3' SHA256: 78dbe5916d0718a7293c9adfb7937911beddf23bd898a0d316a13c17e6b2a35f
Shader 'SkyShaderGLES3' SHA256: c2e3a0dda8021144d69d07ba4c0d605c27ffae9e0eddc34e0c61555a8a9c9969
OpenGL API 4.5 (Core Profile) Mesa 23.2.1-1ubuntu3.1~22.04.3 - Compatibility - Using Device: Mesa - llvmpipe (LLVM 15.0.7, 128 bits)
PulseAudio 15.99.0 detected.
PulseAudio: context other
PulseAudio: context failed
ALSA 1.2.6.1 detected.
ERROR: Condition "status < 0" is true. Returning: ERR_CANT_OPEN
   at: init_output_device (drivers/alsa/audio_driver_alsa.cpp:90)
WARNING: All audio drivers failed, falling back to the dummy driver.
   at: initialize (servers/audio_server.cpp:244)

TextServer: Primary interface set to: "ICU / HarfBuzz / Graphite (Built-in)".
CORE API HASH: 2213950498
EDITOR API HASH: 3825216437
SceneTreeFTI: traversal method DEFAULT
Loading resource: res://scripts/game_state.gd
Loading resource: res://scripts/supabase_manager.gd
Loading resource: res://scripts/citizen_science_manager.gd
Loaded system CA certificates
Loading resource: res://scenes/e2e_tour.tscn
Loading resource: res://tests/e2e_tour.gd
Loading resource: res://scenes/game_root.tscn
Loading resource: res://scripts/game_root.gd
Loading resource: res://resources/main_theme.tres
Loading resource: res://scenes/main.tscn
Loading resource: res://scripts/game_screen.gd
Loading resource: res://scenes/plot.tscn
Loading resource: res://scripts/plot.gd
── STARTUP ──
  ✓ Game opens on garden screen (screen loaded)
  📸 01_startup
── TUTORIAL FLOW ──
Loading resource: res://scenes/help.tscn
Loading resource: res://scripts/help_screen.gd
  📸 02_help_screen
  ✓ Help screen has section list
  📸 03_help_section_expanded
Loading resource: res://scenes/main.tscn
  📸 04_back_to_garden
── GARDEN - TILL ──
  📸 05_tool_till_selected
  📸 06_plot_0_tilled
  ✓ Plot 0 is tilled (got: tilled)
  📸 07_plant_on_empty_noop
  ✓ Planting on empty plot does nothing (got: empty)
  📸 08_plot_0_planted
  ✓ Plot 0 accepted a seed
── GARDEN - FILL ALL PLOTS ──
  📸 09_all_plots_planted
── GARDEN - WATER ──
  📸 10_watered_plot
  📸 11_water_empty_toast
── GARDEN - HARVEST ──
  📸 12_all_harvestable
  📸 13_all_harvested
  ✓ total_harvests incremented after harvesting all plots
── GARDEN - SHOVEL ──
  📸 14_plot_shovelled
  ✓ Shovelled plot is empty (got: empty)
── HIVES SCREEN ──
Loading resource: res://scenes/hives.tscn
Loading resource: res://scripts/hives_screen.gd
Loading resource: res://scenes/hive_card.tscn
Loading resource: res://scripts/hive_card.gd
Loading resource: res://scenes/orders_panel.tscn
Loading resource: res://scripts/orders_panel.gd
  📸 15_hives_screen
  ✓ Hive list exists
  📸 16_bottle_btn_disabled
  ✓ Bottle button should be disabled with no honey
  📸 17_hive_has_honey
  📸 18_bottled_honey
  ✓ Honey was bottled
  📸 19_can_build_hive
  📸 20_second_hive_built
  ✓ Second hive built
  📸 21_build_hive_disabled
── ORDERS ──
  📸 22_orders_panel
  ✓ Orders generated
  📸 23_order_fulfillable
  📸 24_order_fulfilled
  ✓ Order marked fulfilled
  📸 25_double_fulfill_noop
  📸 26_fulfill_no_honey
── SHOP SCREEN ──
Loading resource: res://scenes/shop.tscn
Loading resource: res://scripts/shop_screen.gd
  📸 27_shop_screen
  ✓ Shop list exists
  📸 28_shop_can_buy
  ✓ Tomato seed purchased
  📸 29_seed_purchased
  📸 30_shop_no_coins
── INVENTORY SCREEN ──
Loading resource: res://scenes/inventory.tscn
Loading resource: res://scripts/inventory_screen.gd
  📸 31_inventory_screen
  ✓ Seeds section exists
  ✓ Honey section exists
── PROGRESS SCREEN ──
Loading resource: res://scenes/progress.tscn
Loading resource: res://scripts/progress_screen.gd
  📸 32_progress_screen
  ✓ XP bar exists
  📸 33_level_up
  ✓ Level up triggered
Loading resource: res://scenes/almanac.tscn
Loading resource: res://scripts/almanac_screen.gd
  📸 34_almanac_screen
  📸 35_almanac_content
Loading resource: res://scenes/progress.tscn
  📸 36_back_from_almanac
── EXPAND SCREEN ──
Loading resource: res://scenes/expand.tscn
Loading resource: res://scripts/expand_screen.gd
  📸 37_expand_screen
  📸 38_expand_disabled
  📸 39_expand_affordable
  📸 40_expanded
  ✓ Garden expanded
  📸 41_expand_maxed
  ✓ No more expansions available
── DISCOVER SCREEN ──
Loading resource: res://scenes/discover.tscn
Loading resource: res://scripts/discover_screen.gd
  📸 42_discover_screen
  ✓ Status label exists
  📸 43_classification_limit
  📸 44_classification_available
── PLANETS SCREEN ──
Loading resource: res://scenes/planets.tscn
Loading resource: res://scripts/planets_screen.gd
  📸 45_planets_screen
  ✓ Planets list exists
── SETTINGS SCREEN ──
Loading resource: res://scenes/settings.tscn
Loading resource: res://scripts/settings_screen.gd
  📸 46_settings_screen
  ✓ Force day toggle exists
  ✓ Fast growth toggle exists
  ✓ Reset button exists
  📸 47_fast_growth_off
── FULL TAB NAVIGATION ──
Loading resource: res://scenes/main.tscn
  📸 48_tab_garden
  ✓ Screen loaded for tab: garden
Loading resource: res://scenes/main.tscn
  ✓ Can return to garden from: garden
Loading resource: res://scenes/hives.tscn
  📸 48_tab_hives
  ✓ Screen loaded for tab: hives
Loading resource: res://scenes/main.tscn
  ✓ Can return to garden from: hives
Loading resource: res://scenes/shop.tscn
  📸 48_tab_shop
  ✓ Screen loaded for tab: shop
Loading resource: res://scenes/main.tscn
  ✓ Can return to garden from: shop
Loading resource: res://scenes/inventory.tscn
  📸 48_tab_inventory
  ✓ Screen loaded for tab: inventory
Loading resource: res://scenes/main.tscn
  ✓ Can return to garden from: inventory
Loading resource: res://scenes/progress.tscn
  📸 48_tab_progress
  ✓ Screen loaded for tab: progress
Loading resource: res://scenes/main.tscn
  ✓ Can return to garden from: progress
Loading resource: res://scenes/discover.tscn
  📸 48_tab_discover
  ✓ Screen loaded for tab: discover
Loading resource: res://scenes/main.tscn
  ✓ Can return to garden from: discover
Loading resource: res://scenes/expand.tscn
  📸 48_tab_expand
  ✓ Screen loaded for tab: expand
Loading resource: res://scenes/main.tscn
  ✓ Can return to garden from: expand
Loading resource: res://scenes/planets.tscn
  📸 48_tab_planets
  ✓ Screen loaded for tab: planets
Loading resource: res://scenes/main.tscn
  ✓ Can return to garden from: planets
Loading resource: res://scenes/settings.tscn
  📸 48_tab_settings
  ✓ Screen loaded for tab: settings
Loading resource: res://scenes/main.tscn
  ✓ Can return to garden from: settings
── WATER EDGE CASES ──
Loading resource: res://scenes/main.tscn
  📸 49_raining
  📸 50_rain_stopped
── POLLINATION & BEE HATCHING ──
Loading resource: res://scenes/main.tscn
  📸 51_bee_hatched
  ✓ Bee hatched from pollination
  ✓ Bee count capped at max
── RESET GAME ──
Loading resource: res://scenes/settings.tscn
  📸 52_before_reset
  📸 53_after_reset
  ✓ Coins reset to 100
  ✓ Level reset to 1
  ✓ Plots reset
🗑  Save data deleted

── E2E TOUR COMPLETE: 49 passed, 0 failed ──
✅ Clean run — no report generated, screenshots deleted
XR: Clearing primary interface
XR: Removed interface "Native mobile"
XR: Removed interface "OpenXR"
WARNING: ObjectDB instances leaked at exit (run with --verbose for details).
   at: cleanup (core/object/object.cpp:2514)
Leaked instance: SceneTreeTimer:9223372154815382992
Leaked instance: SceneTreeTimer:9223372157684287087
Leaked instance: SceneTreeTimer:9223372154916046492
Leaked instance: SceneTreeTimer:9223372157717841721
Hint: Leaked instances typically happen when nodes are removed from the scene tree (with `remove_child()`) but not freed (with `free()` or `queue_free()`).
Orphan StringName: timeout (static: 2, total: 6)
StringName: 1 unclaimed string names at exit.
