Godot Engine v4.5.stable.official.876b29033 - https://godotengine.org
WARNING: Your video card drivers seem not to support the required Vulkan version, switching to OpenGL 3.
   at: DisplayServerX11 (platform/linuxbsd/x11/display_server_x11.cpp:7060)
WARNING: Could not set V-Sync mode, as changing V-Sync mode is not supported by the graphics driver.
   at: set_use_vsync (platform/linuxbsd/x11/gl_manager_x11.cpp:364)
OpenGL API 4.5 (Core Profile) Mesa 23.2.1-1ubuntu3.1~22.04.3 - Compatibility - Using Device: Mesa - llvmpipe (LLVM 15.0.7, 128 bits)
ERROR: Condition "status < 0" is true. Returning: ERR_CANT_OPEN
   at: init_output_device (drivers/alsa/audio_driver_alsa.cpp:90)
WARNING: All audio drivers failed, falling back to the dummy driver.
   at: initialize (servers/audio_server.cpp:244)

── STARTUP ──
  ✓ Game opens on garden screen (screen loaded)
  📸 01_startup
── TUTORIAL FLOW ──
  📸 02_help_screen
  ✓ Help screen has section list
  📸 03_help_section_expanded
  📸 04_back_to_garden
── GARDEN - TILL ──
  📸 05_tool_till_selected
  📸 06_plot_0_tilled
  ✓ Plot 0 is tilled (got: tilled)
  📸 07_plant_on_empty_noop
  ✓ Planting on empty plot does nothing (got: empty)
  📸 08_plot_0_planted
  ✓ Plot 0 accepted a seed
── GARDEN - FILL ALL PLOTS ──
  📸 09_all_plots_planted
── GARDEN - WATER ──
  📸 10_watered_plot
  📸 11_water_empty_toast
── GARDEN - HARVEST ──
  📸 12_all_harvestable
  📸 13_all_harvested
  ✓ total_harvests incremented after harvesting all plots
── GARDEN - SHOVEL ──
  📸 14_plot_shovelled
  ✓ Shovelled plot is empty (got: empty)
── HIVES SCREEN ──
  📸 15_hives_screen
  ✓ Hive list exists
  📸 16_bottle_btn_disabled
  ✓ Bottle button should be disabled with no honey
  📸 17_hive_has_honey
  📸 18_bottled_honey
  ✓ Honey was bottled
  📸 19_can_build_hive
  📸 20_second_hive_built
  ✓ Second hive built
  📸 21_build_hive_disabled
── ORDERS ──
  📸 22_orders_panel
  ✓ Orders generated
  📸 23_order_fulfillable
  📸 24_order_fulfilled
  ✓ Order marked fulfilled
  📸 25_double_fulfill_noop
  📸 26_fulfill_no_honey
── SHOP SCREEN ──
  📸 27_shop_screen
  ✓ Shop list exists
  📸 28_shop_can_buy
  ✓ Tomato seed purchased
  📸 29_seed_purchased
  📸 30_shop_no_coins
── INVENTORY SCREEN ──
  📸 31_inventory_screen
  ✓ Seeds section exists
  ✓ Honey section exists
── PROGRESS SCREEN ──
  📸 32_progress_screen
  ✓ XP bar exists
  📸 33_level_up
  ✓ Level up triggered
  📸 34_almanac_screen
  📸 35_almanac_content
  📸 36_back_from_almanac
── EXPAND SCREEN ──
  📸 37_expand_screen
  📸 38_expand_disabled
  📸 39_expand_affordable
  📸 40_expanded
  ✓ Garden expanded
  📸 41_expand_maxed
  ✓ No more expansions available
── DISCOVER SCREEN ──
  📸 42_discover_screen
  ✓ Status label exists
  📸 43_classification_limit
  📸 44_classification_available
── PLANETS SCREEN ──
  📸 45_planets_screen
  ✓ Planets list exists
── SETTINGS SCREEN ──
  📸 46_settings_screen
  ✓ Force day toggle exists
  ✓ Fast growth toggle exists
  ✓ Reset button exists
  📸 47_fast_growth_off
── FULL TAB NAVIGATION ──
  📸 48_tab_garden
  ✓ Screen loaded for tab: garden
  ✓ Can return to garden from: garden
  📸 48_tab_hives
  ✓ Screen loaded for tab: hives
  ✓ Can return to garden from: hives
  📸 48_tab_shop
  ✓ Screen loaded for tab: shop
  ✓ Can return to garden from: shop
  📸 48_tab_inventory
  ✓ Screen loaded for tab: inventory
  ✓ Can return to garden from: inventory
  📸 48_tab_progress
  ✓ Screen loaded for tab: progress
  ✓ Can return to garden from: progress
  📸 48_tab_discover
  ✓ Screen loaded for tab: discover
  ✓ Can return to garden from: discover
  📸 48_tab_expand
  ✓ Screen loaded for tab: expand
  ✓ Can return to garden from: expand
  📸 48_tab_planets
  ✓ Screen loaded for tab: planets
  ✓ Can return to garden from: planets
  📸 48_tab_settings
  ✓ Screen loaded for tab: settings
  ✓ Can return to garden from: settings
── WATER EDGE CASES ──
  📸 49_raining
  📸 50_rain_stopped
── POLLINATION & BEE HATCHING ──
  📸 51_bee_hatched
  ✓ Bee hatched from pollination
  ✓ Bee count capped at max
── RESET GAME ──
  📸 52_before_reset
  📸 53_after_reset
  ✓ Coins reset to 100
  ✓ Level reset to 1
  ✓ Plots reset
🗑  Save data deleted

── E2E TOUR COMPLETE: 49 passed, 0 failed ──
✅ Clean run — no report generated, screenshots deleted
